epoch,type,name,avg,pct5,pct10,pct50,pct90,pct95,pct99,pct100
0,action,Directions,81.470147,17.278924,22.606524,71.217063,166.571299,208.209263,347.079240,778.767435
0,joint,RHip,27.744921,10.421366,12.997425,25.204254,46.591427,51.152666,60.809440,110.298892
0,joint,RKnee,53.371190,21.851822,27.314198,49.986391,83.496392,107.305805,144.029416,259.510520
0,joint,RFoot,100.794330,61.517965,69.907247,98.566287,135.686197,148.812592,192.799542,260.502070
0,joint,LHip,27.353425,12.342275,14.487045,24.951215,44.110424,48.148231,61.092099,106.640569
0,joint,LKnee,45.703434,13.272106,17.530103,40.568477,74.718667,95.753103,140.478670,202.058511
0,joint,LFoot,96.526709,47.598549,56.245607,92.131314,139.201547,159.007490,211.507548,447.328551
0,joint,Spine,58.672367,14.331767,20.749058,57.908200,98.854593,109.625581,127.879554,138.751525
0,joint,Thorax,61.216209,10.779505,14.900212,46.640826,130.045112,154.222499,176.170879,235.101520
0,joint,Neck/Nose,71.608427,20.268812,25.255565,57.563007,144.875305,165.011820,192.567784,262.861988
0,joint,Head,82.602974,22.296214,26.343586,61.341749,181.652582,217.740566,250.913413,327.289688
0,joint,LShoulder,69.574724,25.131832,33.729417,63.618627,112.651448,136.694793,156.910678,335.166441
0,joint,LElbow,114.778717,43.992934,54.337362,101.036476,199.380281,239.290875,273.037427,417.014917
0,joint,LWrist,158.812270,39.984643,52.590044,126.138162,360.497392,414.257457,480.213996,778.767435
0,joint,RShoulder,100.762073,35.658606,50.265366,90.562051,163.852760,180.018153,202.752981,224.581223
0,joint,RElbow,148.406253,59.021981,77.418369,134.052718,234.228316,270.011948,361.905806,416.944891
0,joint,RWrist,167.064475,69.488641,83.078215,150.570744,261.775952,329.281458,541.917500,731.596367
1,action,Directions,89.349529,26.508158,34.317693,78.052077,170.184529,216.998614,339.178069,755.385047
1,joint,RHip,47.993850,19.173289,25.523270,47.806521,69.280191,73.229861,84.793014,110.756964
1,joint,RKnee,81.349083,43.824485,53.312284,80.907317,109.784910,121.305778,147.112884,252.092697
1,joint,RFoot,132.761585,92.604110,102.406516,130.944516,164.625006,177.671430,215.400000,268.852978
1,joint,LHip,47.807985,18.576023,25.222186,47.751553,68.993580,72.790044,84.742791,109.634291
1,joint,LKnee,54.428435,22.933072,27.158965,46.669313,90.341898,114.518299,163.714020,211.881021
1,joint,LFoot,73.180404,23.806364,30.295393,69.250975,116.457912,141.407790,196.203225,437.726236
1,joint,Spine,57.169278,28.106067,33.483310,56.456297,81.097505,89.827637,108.984263,118.419996
1,joint,Thorax,60.923634,14.715101,19.732830,51.315492,117.714823,139.462874,159.218673,201.712360
1,joint,Neck/Nose,79.902438,25.957979,31.506861,67.609105,149.133913,171.739981,201.914414,239.280543
1,joint,Head,88.443441,28.364366,35.477968,68.025055,180.457287,215.562899,245.626260,288.492889
1,joint,LShoulder,94.862245,41.605584,55.507816,91.064566,140.650885,155.042473,175.368693,311.428670
1,joint,LElbow,147.431392,66.899459,89.398005,140.460237,215.384956,260.172499,309.917411,431.864530
1,joint,LWrist,190.029121,87.414397,99.218539,165.472549,323.138575,441.428942,490.820709,632.061463
1,joint,RShoulder,73.521274,27.276213,33.238060,69.641836,121.541826,135.269309,156.062417,201.718208
1,joint,RElbow,108.299558,39.730274,48.968096,96.550713,181.381026,244.777646,284.967893,410.228548
1,joint,RWrist,180.838273,58.048792,76.531735,160.070452,308.973715,357.092916,444.670292,755.385047
2,action,Directions,85.175951,22.128286,29.807583,72.889149,171.808364,219.328455,318.777978,808.658613
2,joint,RHip,37.739986,13.954476,19.275923,36.285124,60.665068,65.712331,71.421841,88.659083
2,joint,RKnee,62.003616,26.413800,34.629660,59.441205,88.573505,109.527867,153.228855,252.270842
2,joint,RFoot,90.862704,32.113387,38.796320,82.754811,154.560767,175.088894,204.178313,298.796861
2,joint,LHip,38.102287,14.028629,19.642935,36.727317,60.903841,66.013704,71.718401,88.725875
2,joint,LKnee,41.337049,11.895651,15.887100,37.639895,72.555148,84.858219,117.638904,212.164679
2,joint,LFoot,97.824852,44.273031,56.129469,94.299781,140.531783,160.478414,199.997588,467.295577
2,joint,Spine,51.252702,18.938857,25.266527,51.385468,76.241696,84.342446,103.132998,115.565202
2,joint,Thorax,58.861767,12.563749,16.599572,48.746545,114.687150,136.010174,158.659754,196.044074
2,joint,Neck/Nose,85.046366,37.405146,44.563890,75.554038,140.654250,166.329548,187.583799,218.893811
2,joint,Head,107.503199,48.479432,56.030342,87.355697,194.058136,232.635752,260.550080,287.417116
2,joint,LShoulder,88.073120,38.354067,49.970354,83.968933,130.123548,144.130315,165.712879,304.333330
2,joint,LElbow,114.335766,40.288674,49.110233,107.991558,191.963081,220.322869,282.033879,415.389816
2,joint,LWrist,168.735312,61.823116,80.658033,153.358949,296.182617,334.577455,456.834321,632.056261
2,joint,RShoulder,86.709074,40.386817,49.130985,81.396870,134.913440,148.136167,169.674637,215.817644
2,joint,RElbow,108.017050,35.243235,46.927450,99.190703,179.972519,236.227266,283.613366,452.077837
2,joint,RWrist,211.586321,105.635221,126.377907,200.424080,308.529098,358.214419,458.011730,808.658613
3,action,Directions,83.929750,17.109100,24.817714,69.987268,176.547990,227.558000,342.272743,731.857828
3,joint,RHip,26.018578,6.977195,9.147685,24.162261,47.251267,52.888348,61.571437,101.253087
3,joint,RKnee,60.392065,24.049482,31.074702,59.544929,87.667594,99.090589,133.309347,220.729408
3,joint,RFoot,104.499195,57.805698,67.333104,103.043936,139.667016,153.959059,202.002509,282.479709
3,joint,LHip,25.931073,7.031335,9.086787,24.069884,47.072074,52.674253,61.410020,101.164063
3,joint,LKnee,43.913034,16.239665,20.375808,40.029990,70.568970,88.055731,118.899836,211.254543
3,joint,LFoot,76.927567,22.771011,30.170202,72.472996,130.690790,158.899347,205.022896,450.256486
3,joint,Spine,47.127391,24.356215,27.545337,43.858281,72.682170,82.753513,101.153560,114.465487
3,joint,Thorax,66.205136,19.324062,24.703986,54.772404,121.660921,144.505998,169.323323,222.123593
3,joint,Neck/Nose,82.389665,33.364936,38.709022,72.812612,145.807118,165.607453,195.504613,227.383078
3,joint,Head,103.669400,34.082375,39.632083,87.014706,196.351543,224.867425,264.776974,296.316755
3,joint,LShoulder,67.962744,25.636747,31.727006,59.609990,116.891712,140.613666,163.744626,323.316696
3,joint,LElbow,108.494461,30.095918,40.352886,99.580453,183.529601,222.974663,303.697666,395.356311
3,joint,LWrist,192.075582,61.740258,82.861754,175.061257,322.982012,367.782689,440.307558,731.857828
3,joint,RShoulder,89.664373,39.446608,46.569263,83.485846,142.319132,155.159750,182.645689,227.978139
3,joint,RElbow,122.504921,48.512138,60.271120,112.718101,196.257426,244.964255,300.327561,426.241609
3,joint,RWrist,209.030575,105.458211,120.333317,193.552312,323.646726,365.262756,447.277404,708.819357
4,action,Directions,77.120103,19.497530,26.577810,64.582312,157.330824,200.132206,301.114275,705.143383
4,joint,RHip,34.204409,10.779153,14.643174,33.273879,54.723290,59.592713,72.489592,99.056042
4,joint,RKnee,59.319787,23.022850,29.722011,57.924929,87.762765,95.824100,127.476375,216.429593
4,joint,RFoot,99.772784,45.064926,54.563905,98.617636,141.552630,153.058697,191.935987,308.795405
4,joint,LHip,34.184085,10.768195,14.613987,33.249501,54.700106,59.578152,72.485075,99.012369
4,joint,LKnee,52.033474,22.405200,26.956903,45.297556,82.826218,110.109794,151.699534,222.068527
4,joint,LFoot,78.417054,36.593612,42.798259,73.767149,120.617041,142.463867,188.954597,482.318875
4,joint,Spine,57.789895,22.448484,28.227492,58.041216,84.852125,93.501490,114.534981,122.626143
4,joint,Thorax,56.130916,13.386802,17.393126,43.442844,115.932170,132.880429,153.168767,203.346482
4,joint,Neck/Nose,65.175352,19.042165,24.267334,52.798926,128.617041,147.791932,173.671979,208.991560
4,joint,Head,77.132113,25.488802,30.258051,54.681197,164.800191,192.911229,226.490267,266.991423
4,joint,LShoulder,74.209718,28.227699,36.341399,68.244218,122.056089,135.538326,161.374850,288.636711
4,joint,LElbow,99.425249,21.825368,34.241972,84.695870,183.966578,221.361452,262.097426,385.822921
4,joint,LWrist,162.281952,49.861609,65.855291,139.740112,288.025666,352.031458,541.396828,610.954989
4,joint,RShoulder,74.580213,22.531084,28.578675,68.273821,131.030340,146.191591,172.603888,232.494596
4,joint,RElbow,110.573190,31.785218,42.977422,98.805321,189.293313,214.674549,291.887035,419.209217
4,joint,RWrist,175.811561,65.447774,80.294822,168.437683,273.613940,309.856825,447.176050,705.143383
5,action,Directions,78.142040,17.140409,23.877765,65.569022,163.540897,206.906806,318.371072,807.471215
5,joint,RHip,27.045107,8.425799,11.262053,25.808855,44.605955,49.041674,58.212680,78.989046
5,joint,RKnee,64.662558,33.293960,40.531682,62.600109,88.712642,99.446057,135.888444,235.206461
5,joint,RFoot,110.923526,56.131330,66.215327,110.948317,151.218184,167.175798,205.351066,309.334600
5,joint,LHip,27.042238,8.417688,11.258092,25.809051,44.606001,49.040029,58.209899,78.992879
5,joint,LKnee,37.372177,10.669011,14.293499,33.238759,65.935965,86.157269,123.410146,210.541040
5,joint,LFoot,75.809606,27.245208,39.734466,70.588036,120.472139,142.812215,191.628006,453.166348
5,joint,Spine,48.976009,27.963725,31.953891,46.860152,69.159469,77.013830,92.244010,112.476717
5,joint,Thorax,50.922878,13.233818,18.008173,41.618631,99.215993,119.159557,137.277369,172.224396
5,joint,Neck/Nose,66.998921,23.687311,28.323707,56.367481,125.865117,144.866793,176.151009,196.407507
5,joint,Head,91.006796,39.537215,44.581983,72.410107,175.047848,205.316653,238.345081,268.347068
5,joint,LShoulder,75.181834,39.662161,46.392677,73.658498,106.048487,118.139108,136.718755,244.116905
5,joint,LElbow,117.910065,40.711987,48.122205,97.786870,224.970559,262.755521,298.707377,434.066063
5,joint,LWrist,200.370538,84.138226,97.789339,173.316100,349.361738,422.892017,500.934897,807.471215
5,joint,RShoulder,71.082478,22.509763,27.604162,65.617346,124.993690,138.219255,162.468720,217.494015
5,joint,RElbow,112.375150,50.075523,59.020308,102.727102,181.652315,201.188182,264.029820,419.885132
5,joint,RWrist,150.734803,48.735609,58.663493,141.371272,253.276653,284.125343,424.555298,696.728822
6,action,Directions,78.415115,16.606869,24.465002,65.178100,162.449205,218.417922,333.144849,904.574338
6,joint,RHip,26.952489,6.642180,9.081583,24.696761,49.581430,54.024335,60.305219,72.626744
6,joint,RKnee,45.603124,19.032834,23.800457,40.648083,71.797701,90.227282,134.807381,219.947488
6,joint,RFoot,96.873777,50.126843,59.851475,95.202201,131.890742,146.137074,195.389037,291.228809
6,joint,LHip,26.947718,6.639071,9.087216,24.695076,49.569597,54.014334,60.292244,72.618344
6,joint,LKnee,55.131864,22.381911,27.268198,50.685341,83.567572,113.600864,158.162581,197.200129
6,joint,LFoot,70.090027,30.331789,35.461322,63.447034,108.919328,134.783496,193.921130,478.214372
6,joint,Spine,63.843921,26.040142,31.606856,61.226869,100.539453,112.882444,132.894670,148.072302
6,joint,Thorax,57.068023,13.492983,17.632151,43.591340,118.295260,139.549308,160.861633,187.565361
6,joint,Neck/Nose,70.926114,24.497085,28.499479,57.312863,136.908493,160.543587,180.615739,218.429580
6,joint,Head,82.609474,32.396283,37.452754,61.735820,167.737791,201.642198,229.513335,260.965592
6,joint,LShoulder,81.011023,35.823881,43.801608,76.981230,125.777794,140.561468,162.333390,267.700103
6,joint,LElbow,103.201817,21.399396,35.402197,85.376946,195.492627,225.170548,291.009231,426.177289
6,joint,LWrist,152.417163,48.090068,58.183769,121.914274,317.135545,361.759013,415.213606,698.705789
6,joint,RShoulder,76.700756,32.089341,38.074923,68.872407,127.898304,142.403062,164.360288,198.449155
6,joint,RElbow,112.911584,44.317641,53.701907,99.434806,195.236938,257.438745,328.564263,546.309369
6,joint,RWrist,210.768074,99.990121,123.068253,200.288720,304.632562,356.540975,487.519226,904.574338
7,action,Directions,83.757076,16.619250,23.589587,69.717749,176.971989,228.867240,333.925789,721.759575
7,joint,RHip,24.506320,7.162651,9.585677,22.706161,43.039308,47.612616,54.689688,71.158807
7,joint,RKnee,57.656158,29.277506,34.862884,55.457672,80.739598,95.959078,142.153176,233.155194
7,joint,RFoot,96.961533,51.051571,60.937217,95.410122,133.848468,149.679300,182.896788,305.643031
7,joint,LHip,24.508065,7.161541,9.588209,22.714014,43.042327,47.613018,54.687651,71.162864
7,joint,LKnee,44.229260,16.107510,19.564641,37.786882,76.583009,89.689109,128.388175,178.577126
7,joint,LFoot,83.629208,33.779730,41.220721,79.595050,132.723708,152.430977,195.820392,423.758858
7,joint,Spine,54.172404,22.052280,27.282484,53.642919,80.727287,90.826541,110.353828,124.461419
7,joint,Thorax,58.237202,14.230908,18.445772,47.841212,115.998518,137.597168,157.275899,180.147497
7,joint,Neck/Nose,74.720355,25.748060,30.131690,61.606121,140.112681,166.607059,193.332948,218.972206
7,joint,Head,93.703018,39.131373,44.630721,71.199836,183.925235,222.442446,256.048187,280.445916
7,joint,LShoulder,77.869524,31.575946,42.069071,74.816083,117.172442,133.362463,156.608811,223.642270
7,joint,LElbow,142.139290,58.729948,73.227099,120.314181,255.524632,285.207591,322.156912,477.360067
7,joint,LWrist,211.004564,107.569214,120.471446,173.303375,365.293541,445.466499,520.435039,706.988624
7,joint,RShoulder,82.254987,28.251045,35.594364,78.026027,139.861821,155.977588,178.238639,207.654320
7,joint,RElbow,116.066098,37.177390,45.144429,102.567157,204.866892,230.135722,309.464535,389.449361
7,joint,RWrist,182.212306,71.913742,95.145608,176.513878,267.493543,301.556229,452.740767,721.759575
8,action,Directions,72.114162,16.594637,22.229529,60.939712,146.759233,184.268146,316.346208,798.609674
8,joint,RHip,25.059430,10.151665,12.155392,22.533401,42.358721,46.837159,55.624304,72.723477
8,joint,RKnee,47.696938,19.528146,24.391114,44.111259,72.656399,92.034544,135.216031,214.332098
8,joint,RFoot,106.956924,65.554378,74.010117,103.971177,144.321196,157.614115,194.975496,287.871377
8,joint,LHip,25.056618,10.131277,12.143879,22.528479,42.357205,46.833021,55.631581,72.730466
8,joint,LKnee,44.543744,17.978479,21.795237,38.819021,72.438512,92.512709,129.692962,187.744225
8,joint,LFoot,76.859937,34.393216,40.196599,71.967894,117.516540,141.751836,197.811384,459.228726
8,joint,Spine,47.259131,16.820427,21.109792,46.275269,73.512024,84.304811,104.418848,114.798829
8,joint,Thorax,46.695042,10.169878,14.567045,37.685999,95.122148,113.269828,129.480276,156.381080
8,joint,Neck/Nose,58.883966,23.628731,28.017823,49.128484,107.658015,125.677167,162.115621,179.783030
8,joint,Head,71.944989,29.977199,34.150317,55.083050,143.619875,174.042684,217.287475,237.622958
8,joint,LShoulder,73.702659,38.267157,45.449417,73.887430,101.286210,110.446985,127.520924,229.296681
8,joint,LElbow,107.639118,36.934048,43.999838,89.521558,198.526715,235.348512,284.697929,414.552840
8,joint,LWrist,165.683258,59.190611,72.805136,131.564341,330.295576,381.720735,435.429865,669.025831
8,joint,RShoulder,76.812717,26.735118,32.490961,71.878352,130.771257,145.470450,166.619628,199.482479
8,joint,RElbow,106.365004,41.228117,50.205164,91.027712,182.065672,210.717509,300.448500,493.420715
8,joint,RWrist,144.781278,57.622228,72.643079,130.463950,228.399730,289.600017,472.515502,798.609674
9,action,Directions,75.366506,15.316481,22.453536,64.246969,154.573584,200.339447,317.888194,764.814952
9,joint,RHip,23.996527,6.773190,9.136665,22.162230,41.891262,46.698851,55.811180,82.195173
9,joint,RKnee,62.412269,30.159054,36.966861,60.466030,85.926173,103.323100,145.256539,218.061590
9,joint,RFoot,104.353713,63.486969,71.118659,100.001296,145.450109,159.483775,191.483562,287.731847
9,joint,LHip,23.998773,6.776423,9.144586,22.164634,41.892964,46.700566,55.812585,82.211292
9,joint,LKnee,37.218642,11.462324,15.080355,33.144461,62.802898,86.794322,117.348592,216.436170
9,joint,LFoot,80.210079,26.849108,33.287395,74.605006,135.740159,164.636619,238.218863,422.437096
9,joint,Spine,50.919625,27.178618,30.875791,49.144790,75.673689,84.295785,100.251793,125.702353
9,joint,Thorax,52.712510,15.379975,20.301976,45.342770,99.968931,118.163129,137.606031,161.772912
9,joint,Neck/Nose,63.392254,25.306479,30.765337,54.774380,112.152068,137.150666,162.647218,188.539193
9,joint,Head,81.518656,36.495842,42.274684,65.312099,153.984086,189.103955,215.465202,241.818746
9,joint,LShoulder,78.124166,34.186997,42.838480,76.166998,115.776670,130.165787,150.325581,237.144313
9,joint,LElbow,109.567885,39.431546,48.404875,96.895752,191.404953,234.782189,283.690512,448.821670
9,joint,LWrist,186.258708,85.298166,99.101365,165.088561,319.404320,359.811400,461.210068,677.009489
9,joint,RShoulder,61.286703,18.378447,23.801851,56.545348,107.006592,122.747237,141.969294,176.671085
9,joint,RElbow,98.270518,44.209912,50.646567,82.337673,168.713027,232.305246,326.606111,520.127358
9,joint,RWrist,166.989578,78.475089,90.943070,149.576546,255.579153,300.355293,461.235430,764.814952
